[debug] [2023-01-24T06:37:58.960Z] ----------------------------------------------------------------------
[debug] [2023-01-24T06:37:58.963Z] Command:       /snap/node/7065/bin/node /usr/local/bin/firebase init
[debug] [2023-01-24T06:37:58.964Z] CLI Version:   11.21.0
[debug] [2023-01-24T06:37:58.965Z] Platform:      linux
[debug] [2023-01-24T06:37:58.965Z] Node Version:  v18.13.0
[debug] [2023-01-24T06:37:58.965Z] Time:          Tue Jan 24 2023 13:37:58 GMT+0700 (Western Indonesia Time)
[debug] [2023-01-24T06:37:58.966Z] ----------------------------------------------------------------------
[debug] 
[debug] [2023-01-24T06:37:58.975Z] > command requires scopes: ["email","openid","https://www.googleapis.com/auth/cloudplatformprojects.readonly","https://www.googleapis.com/auth/firebase","https://www.googleapis.com/auth/cloud-platform"]
[debug] [2023-01-24T06:37:58.976Z] > authorizing via signed-in user (juhyuko@gmail.com)
[info] 
     ######## #### ########  ######## ########     ###     ######  ########
     ##        ##  ##     ## ##       ##     ##  ##   ##  ##       ##
     ######    ##  ########  ######   ########  #########  ######  ######
     ##        ##  ##    ##  ##       ##     ## ##     ##       ## ##
     ##       #### ##     ## ######## ########  ##     ##  ######  ########

You're about to initialize a Firebase project in this directory:

  /home/dipoengoro/Development/Angular/angular-ctmaza/dist

[info] 
=== Project Setup
[info] 
[info] First, let's associate this project directory with a Firebase project.
[info] You can create multiple project aliases by running firebase use --add, 
[info] but for now we'll just set up a default project.
[info] 
[info] i  If you want to create a project in a Google Cloud organization or folder, please use "firebase projects:create" instead, and return to this command when you've created the project. 
[debug] [2023-01-24T06:38:13.532Z] >>> [apiv2][query] POST https://cloudresourcemanager.googleapis.com/v1/projects [none]
[debug] [2023-01-24T06:38:13.533Z] >>> [apiv2][body] POST https://cloudresourcemanager.googleapis.com/v1/projects {"projectId":"angular-try-1","name":"angular-try-1"}
[debug] [2023-01-24T06:38:14.892Z] <<< [apiv2][status] POST https://cloudresourcemanager.googleapis.com/v1/projects 409
[debug] [2023-01-24T06:38:14.892Z] <<< [apiv2][body] POST https://cloudresourcemanager.googleapis.com/v1/projects {"error":{"code":409,"message":"Requested entity already exists","status":"ALREADY_EXISTS"}}
[debug] [2023-01-24T06:38:15.255Z] FirebaseError: HTTP Error: 409, Requested entity already exists
    at responseToError (/usr/local/lib/node_modules/firebase-tools/lib/responseToError.js:49:12)
    at RetryOperation._fn (/usr/local/lib/node_modules/firebase-tools/lib/apiv2.js:288:77)
    at process.processTicksAndRejections (node:internal/process/task_queues:95:5)
[error] 
[error] Error: Failed to create project because there is already a project with ID angular-try-1. Please try again with a unique project ID.
[debug] [2023-01-24T06:38:24.461Z] ----------------------------------------------------------------------
[debug] [2023-01-24T06:38:24.466Z] Command:       /snap/node/7065/bin/node /usr/local/bin/firebase init
[debug] [2023-01-24T06:38:24.467Z] CLI Version:   11.21.0
[debug] [2023-01-24T06:38:24.467Z] Platform:      linux
[debug] [2023-01-24T06:38:24.467Z] Node Version:  v18.13.0
[debug] [2023-01-24T06:38:24.468Z] Time:          Tue Jan 24 2023 13:38:24 GMT+0700 (Western Indonesia Time)
[debug] [2023-01-24T06:38:24.468Z] ----------------------------------------------------------------------
[debug] 
[debug] [2023-01-24T06:38:24.481Z] > command requires scopes: ["email","openid","https://www.googleapis.com/auth/cloudplatformprojects.readonly","https://www.googleapis.com/auth/firebase","https://www.googleapis.com/auth/cloud-platform"]
[debug] [2023-01-24T06:38:24.482Z] > authorizing via signed-in user (juhyuko@gmail.com)
[info] 
     ######## #### ########  ######## ########     ###     ######  ########
     ##        ##  ##     ## ##       ##     ##  ##   ##  ##       ##
     ######    ##  ########  ######   ########  #########  ######  ######
     ##        ##  ##    ##  ##       ##     ## ##     ##       ## ##
     ##       #### ##     ## ######## ########  ##     ##  ######  ########

You're about to initialize a Firebase project in this directory:

  /home/dipoengoro/Development/Angular/angular-ctmaza/dist

[info] 
=== Project Setup
[info] 
[info] First, let's associate this project directory with a Firebase project.
[info] You can create multiple project aliases by running firebase use --add, 
[info] but for now we'll just set up a default project.
[info] 
[info] i  If you want to create a project in a Google Cloud organization or folder, please use "firebase projects:create" instead, and return to this command when you've created the project. 
[debug] [2023-01-24T06:38:38.345Z] >>> [apiv2][query] POST https://cloudresourcemanager.googleapis.com/v1/projects [none]
[debug] [2023-01-24T06:38:38.346Z] >>> [apiv2][body] POST https://cloudresourcemanager.googleapis.com/v1/projects {"projectId":"angular-coba-1","name":"angular-coba-1"}
[debug] [2023-01-24T06:38:40.164Z] <<< [apiv2][status] POST https://cloudresourcemanager.googleapis.com/v1/projects 200
[debug] [2023-01-24T06:38:40.164Z] <<< [apiv2][body] POST https://cloudresourcemanager.googleapis.com/v1/projects {"name":"operations/cp.8073935166954965352"}
[debug] [2023-01-24T06:38:40.170Z] >>> [apiv2][query] GET https://cloudresourcemanager.googleapis.com/v1/operations/cp.8073935166954965352 [none]
[debug] [2023-01-24T06:38:41.562Z] <<< [apiv2][status] GET https://cloudresourcemanager.googleapis.com/v1/operations/cp.8073935166954965352 200
[debug] [2023-01-24T06:38:41.562Z] <<< [apiv2][body] GET https://cloudresourcemanager.googleapis.com/v1/operations/cp.8073935166954965352 {"name":"operations/cp.8073935166954965352"}
[debug] [2023-01-24T06:38:42.064Z] [Project Creation Poller] Retrying task index 0
[debug] [2023-01-24T06:38:42.065Z] >>> [apiv2][query] GET https://cloudresourcemanager.googleapis.com/v1/operations/cp.8073935166954965352 [none]
[debug] [2023-01-24T06:38:43.562Z] <<< [apiv2][status] GET https://cloudresourcemanager.googleapis.com/v1/operations/cp.8073935166954965352 200
[debug] [2023-01-24T06:38:43.563Z] <<< [apiv2][body] GET https://cloudresourcemanager.googleapis.com/v1/operations/cp.8073935166954965352 {"name":"operations/cp.8073935166954965352","metadata":{"@type":"type.googleapis.com/google.cloudresourcemanager.v1.ProjectCreationStatus","gettable":true,"ready":true},"done":true,"response":{"@type":"type.googleapis.com/google.cloudresourcemanager.v1.Project","projectNumber":"459955480566","projectId":"angular-coba-1","lifecycleState":"ACTIVE","name":"angular-coba-1","createTime":"2023-01-24T06:38:41.201Z"}}
[debug] [2023-01-24T06:38:43.572Z] >>> [apiv2][query] POST https://firebase.googleapis.com/v1beta1/projects/angular-coba-1:addFirebase [none]
[debug] [2023-01-24T06:38:47.191Z] <<< [apiv2][status] POST https://firebase.googleapis.com/v1beta1/projects/angular-coba-1:addFirebase 200
[debug] [2023-01-24T06:38:47.192Z] <<< [apiv2][body] POST https://firebase.googleapis.com/v1beta1/projects/angular-coba-1:addFirebase {"name":"operations/workflows/MTg2MWIzYmUtNTQxOC00OWQwLWI4ZDAtYjU4OTA4N2M4ZGRj"}
[debug] [2023-01-24T06:38:47.194Z] >>> [apiv2][query] GET https://firebase.googleapis.com/v1beta1/operations/workflows/MTg2MWIzYmUtNTQxOC00OWQwLWI4ZDAtYjU4OTA4N2M4ZGRj [none]
[debug] [2023-01-24T06:38:48.511Z] <<< [apiv2][status] GET https://firebase.googleapis.com/v1beta1/operations/workflows/MTg2MWIzYmUtNTQxOC00OWQwLWI4ZDAtYjU4OTA4N2M4ZGRj 200
[debug] [2023-01-24T06:38:48.512Z] <<< [apiv2][body] GET https://firebase.googleapis.com/v1beta1/operations/workflows/MTg2MWIzYmUtNTQxOC00OWQwLWI4ZDAtYjU4OTA4N2M4ZGRj {"name":"operations/workflows/MTg2MWIzYmUtNTQxOC00OWQwLWI4ZDAtYjU4OTA4N2M4ZGRj"}
[debug] [2023-01-24T06:38:49.014Z] [Add Firebase Poller] Retrying task index 0
[debug] [2023-01-24T06:38:49.017Z] >>> [apiv2][query] GET https://firebase.googleapis.com/v1beta1/operations/workflows/MTg2MWIzYmUtNTQxOC00OWQwLWI4ZDAtYjU4OTA4N2M4ZGRj [none]
[debug] [2023-01-24T06:38:50.090Z] <<< [apiv2][status] GET https://firebase.googleapis.com/v1beta1/operations/workflows/MTg2MWIzYmUtNTQxOC00OWQwLWI4ZDAtYjU4OTA4N2M4ZGRj 200
[debug] [2023-01-24T06:38:50.091Z] <<< [apiv2][body] GET https://firebase.googleapis.com/v1beta1/operations/workflows/MTg2MWIzYmUtNTQxOC00OWQwLWI4ZDAtYjU4OTA4N2M4ZGRj {"name":"operations/workflows/MTg2MWIzYmUtNTQxOC00OWQwLWI4ZDAtYjU4OTA4N2M4ZGRj"}
[debug] [2023-01-24T06:38:51.093Z] [Add Firebase Poller] Retrying task index 0
[debug] [2023-01-24T06:38:51.097Z] >>> [apiv2][query] GET https://firebase.googleapis.com/v1beta1/operations/workflows/MTg2MWIzYmUtNTQxOC00OWQwLWI4ZDAtYjU4OTA4N2M4ZGRj [none]
[debug] [2023-01-24T06:38:52.295Z] <<< [apiv2][status] GET https://firebase.googleapis.com/v1beta1/operations/workflows/MTg2MWIzYmUtNTQxOC00OWQwLWI4ZDAtYjU4OTA4N2M4ZGRj 200
[debug] [2023-01-24T06:38:52.295Z] <<< [apiv2][body] GET https://firebase.googleapis.com/v1beta1/operations/workflows/MTg2MWIzYmUtNTQxOC00OWQwLWI4ZDAtYjU4OTA4N2M4ZGRj {"name":"operations/workflows/MTg2MWIzYmUtNTQxOC00OWQwLWI4ZDAtYjU4OTA4N2M4ZGRj"}
[debug] [2023-01-24T06:38:54.297Z] [Add Firebase Poller] Retrying task index 0
[debug] [2023-01-24T06:38:54.299Z] >>> [apiv2][query] GET https://firebase.googleapis.com/v1beta1/operations/workflows/MTg2MWIzYmUtNTQxOC00OWQwLWI4ZDAtYjU4OTA4N2M4ZGRj [none]
[debug] [2023-01-24T06:38:55.777Z] <<< [apiv2][status] GET https://firebase.googleapis.com/v1beta1/operations/workflows/MTg2MWIzYmUtNTQxOC00OWQwLWI4ZDAtYjU4OTA4N2M4ZGRj 200
[debug] [2023-01-24T06:38:55.778Z] <<< [apiv2][body] GET https://firebase.googleapis.com/v1beta1/operations/workflows/MTg2MWIzYmUtNTQxOC00OWQwLWI4ZDAtYjU4OTA4N2M4ZGRj {"name":"operations/workflows/MTg2MWIzYmUtNTQxOC00OWQwLWI4ZDAtYjU4OTA4N2M4ZGRj"}
[debug] [2023-01-24T06:38:59.778Z] [Add Firebase Poller] Retrying task index 0
[debug] [2023-01-24T06:38:59.780Z] >>> [apiv2][query] GET https://firebase.googleapis.com/v1beta1/operations/workflows/MTg2MWIzYmUtNTQxOC00OWQwLWI4ZDAtYjU4OTA4N2M4ZGRj [none]
[debug] [2023-01-24T06:39:00.966Z] <<< [apiv2][status] GET https://firebase.googleapis.com/v1beta1/operations/workflows/MTg2MWIzYmUtNTQxOC00OWQwLWI4ZDAtYjU4OTA4N2M4ZGRj 200
[debug] [2023-01-24T06:39:00.967Z] <<< [apiv2][body] GET https://firebase.googleapis.com/v1beta1/operations/workflows/MTg2MWIzYmUtNTQxOC00OWQwLWI4ZDAtYjU4OTA4N2M4ZGRj {"name":"operations/workflows/MTg2MWIzYmUtNTQxOC00OWQwLWI4ZDAtYjU4OTA4N2M4ZGRj","done":true,"response":{"@type":"type.googleapis.com/google.firebase.service.v1beta1.FirebaseProject","projectId":"angular-coba-1","projectNumber":"459955480566","displayName":"angular-coba-1","name":"projects/angular-coba-1","resources":{"hostingSite":"angular-coba-1"}}}
[info] 
[info] 🎉🎉🎉 Your Firebase project is ready! 🎉🎉🎉
[info] 
[info] Project information:
[info]    - Project ID: angular-coba-1
[info]    - Project Name: angular-coba-1
[info] 
[info] Firebase console is available at
[info] https://console.firebase.google.com/project/angular-coba-1/overview
[info] i  Using project angular-coba-1 (angular-coba-1) 
[info] 
=== Hosting Setup
[info] 
[info] Your public directory is the folder (relative to your project directory) that
[info] will contain Hosting assets to be uploaded with firebase deploy. If you
[info] have a build process for your assets, use your build's output directory.
[info] 
[debug] [2023-01-24T06:40:09.928Z] >>> [apiv2][query] GET https://www.gstatic.com/firebasejs/releases.json [none]
[debug] [2023-01-24T06:40:10.673Z] <<< [apiv2][status] GET https://www.gstatic.com/firebasejs/releases.json 200
[debug] [2023-01-24T06:40:10.674Z] <<< [apiv2][body] GET https://www.gstatic.com/firebasejs/releases.json {"current":{"version":"9.16.0","browserURL":"https://www.gstatic.com/firebasejs/9.16.0/firebase.js","packageURL":"https://www.gstatic.com/firebasejs/9.16.0/firebase.tgz"},"live":{"version":"9.16","browserURL":"https://www.gstatic.com/firebasejs/live/9.16/firebase.js","packageURL":"https://www.gstatic.com/firebasejs/live/9.16/firebase.tgz"},"components":{"analytics":"https://www.gstatic.com/firebasejs/9.16.0/firebase-analytics.js","app":"https://www.gstatic.com/firebasejs/9.16.0/firebase-app.js","app-check":"https://www.gstatic.com/firebasejs/9.16.0/firebase-app-check.js","auth":"https://www.gstatic.com/firebasejs/9.16.0/firebase-auth.js","auth/cordova":"https://www.gstatic.com/firebasejs/9.16.0/firebase-auth/cordova.js","auth/react-native":"https://www.gstatic.com/firebasejs/9.16.0/firebase-auth/react-native.js","functions":"https://www.gstatic.com/firebasejs/9.16.0/firebase-functions.js","firestore":"https://www.gstatic.com/firebasejs/9.16.0/firebase-firestore.js","firestore/lite":"https://www.gstatic.com/firebasejs/9.16.0/firebase-firestore/lite.js","installations":"https://www.gstatic.com/firebasejs/9.16.0/firebase-installations.js","storage":"https://www.gstatic.com/firebasejs/9.16.0/firebase-storage.js","performance":"https://www.gstatic.com/firebasejs/9.16.0/firebase-performance.js","remote-config":"https://www.gstatic.com/firebasejs/9.16.0/firebase-remote-config.js","messaging":"https://www.gstatic.com/firebasejs/9.16.0/firebase-messaging.js","messaging/sw":"https://www.gstatic.com/firebasejs/9.16.0/firebase-messaging/sw.js","database":"https://www.gstatic.com/firebasejs/9.16.0/firebase-database.js","firestore.memory":"https://www.gstatic.com/firebasejs/9.16.0/firebase-firestore.memory.js"}}
[info] ✔  Wrote public/index.html 
[info] 
[info] i  Didn't detect a .git folder. Assuming /home/dipoengoro/Development/Angular/angular-ctmaza/dist is the project root. 
[info] i  Authorizing with GitHub to upload your service account to a GitHub repository's secrets store. 
[info] 
[info] Visit this URL on this device to log in:
[info] https://github.com/login/oauth/authorize?client_id=89cf50f02ac6aaed3484&state=583484492&redirect_uri=http%3A%2F%2Flocalhost%3A9005&scope=read%3Auser%20repo%20public_repo
[info] 
[info] Waiting for authentication...
[debug] [2023-01-24T06:40:47.143Z] >>> [apiv2][query] POST https://github.com/login/oauth/access_token [none]
[debug] [2023-01-24T06:40:47.144Z] >>> [apiv2][body] POST https://github.com/login/oauth/access_token [stream]
[debug] [2023-01-24T06:40:47.619Z] <<< [apiv2][status] POST https://github.com/login/oauth/access_token 200
[debug] [2023-01-24T06:40:47.620Z] <<< [apiv2][body] POST https://github.com/login/oauth/access_token {"access_token":"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","token_type":"bearer","scope":"read:user,repo"}
[debug] [2023-01-24T06:40:47.658Z] >>> [apiv2][query] GET https://api.github.com/user [none]
[debug] [2023-01-24T06:40:48.304Z] <<< [apiv2][status] GET https://api.github.com/user 200
[debug] [2023-01-24T06:40:48.304Z] <<< [apiv2][body] GET https://api.github.com/user {"login":"dipoengoro","id":66062420,"node_id":"MDQ6VXNlcjY2MDYyNDIw","avatar_url":"https://avatars.githubusercontent.com/u/66062420?v=4","gravatar_id":"","url":"https://api.github.com/users/dipoengoro","html_url":"https://github.com/dipoengoro","followers_url":"https://api.github.com/users/dipoengoro/followers","following_url":"https://api.github.com/users/dipoengoro/following{/other_user}","gists_url":"https://api.github.com/users/dipoengoro/gists{/gist_id}","starred_url":"https://api.github.com/users/dipoengoro/starred{/owner}{/repo}","subscriptions_url":"https://api.github.com/users/dipoengoro/subscriptions","organizations_url":"https://api.github.com/users/dipoengoro/orgs","repos_url":"https://api.github.com/users/dipoengoro/repos","events_url":"https://api.github.com/users/dipoengoro/events{/privacy}","received_events_url":"https://api.github.com/users/dipoengoro/received_events","type":"User","site_admin":false,"name":"Muhammad Diponegoro","company":null,"blog":"https://linktr.ee/dipoengoro","location":"Yogyakarta, Indonesia","email":"dipoengoro@outlook.com","hireable":null,"bio":"Android Developer","twitter_username":"dipoengoro","public_repos":54,"public_gists":0,"followers":5,"following":25,"created_at":"2020-05-28T09:12:52Z","updated_at":"2023-01-04T06:37:28Z","private_gists":0,"total_private_repos":10,"owned_private_repos":10,"disk_usage":45721,"collaborators":0,"two_factor_authentication":true,"plan":{"name":"free","space":976562499,"collaborators":0,"private_repos":10000}}
[info] 
[info] ✔  Success! Logged into GitHub as dipoengoro 
[info] 
[debug] [2023-01-24T06:41:02.032Z] >>> [apiv2][query] GET https://api.github.com/repos//actions/secrets/public-key type=owner
[debug] [2023-01-24T06:41:02.404Z] >>> [apiv2][query] GET https://api.github.com/repos//actions/secrets/public-key type=owner
[debug] [2023-01-24T06:41:02.649Z] <<< [apiv2][status] GET https://api.github.com/repos//actions/secrets/public-key 404
[debug] [2023-01-24T06:41:02.649Z] <<< [apiv2][body] GET https://api.github.com/repos//actions/secrets/public-key {"message":"Not Found","documentation_url":"https://docs.github.com/rest"}
[debug] [2023-01-24T06:41:03.047Z] <<< [apiv2][status] GET https://api.github.com/repos//actions/secrets/public-key 404
[debug] [2023-01-24T06:41:03.048Z] <<< [apiv2][body] GET https://api.github.com/repos//actions/secrets/public-key {"message":"Not Found","documentation_url":"https://docs.github.com/rest"}
[debug] [2023-01-24T06:41:03.130Z] >>> [apiv2][query] GET https://api.github.com/repos//actions/secrets/public-key type=owner
[debug] [2023-01-24T06:41:03.485Z] >>> [apiv2][query] GET https://api.github.com/repos//actions/secrets/public-key type=owner
[debug] [2023-01-24T06:41:03.786Z] >>> [apiv2][query] GET https://api.github.com/repos//actions/secrets/public-key type=owner
[debug] [2023-01-24T06:41:04.050Z] <<< [apiv2][status] GET https://api.github.com/repos//actions/secrets/public-key 404
[debug] [2023-01-24T06:41:04.050Z] <<< [apiv2][body] GET https://api.github.com/repos//actions/secrets/public-key {"message":"Not Found","documentation_url":"https://docs.github.com/rest"}
[debug] [2023-01-24T06:41:04.218Z] <<< [apiv2][status] GET https://api.github.com/repos//actions/secrets/public-key 404
[debug] [2023-01-24T06:41:04.218Z] <<< [apiv2][body] GET https://api.github.com/repos//actions/secrets/public-key {"message":"Not Found","documentation_url":"https://docs.github.com/rest"}
[debug] [2023-01-24T06:41:04.288Z] <<< [apiv2][status] GET https://api.github.com/repos//actions/secrets/public-key 404
[debug] [2023-01-24T06:41:04.288Z] <<< [apiv2][body] GET https://api.github.com/repos//actions/secrets/public-key {"message":"Not Found","documentation_url":"https://docs.github.com/rest"}
[debug] [2023-01-24T06:41:05.298Z] >>> [apiv2][query] GET https://api.github.com/repos//actions/secrets/public-key type=owner
[debug] [2023-01-24T06:41:06.144Z] <<< [apiv2][status] GET https://api.github.com/repos//actions/secrets/public-key 404
[debug] [2023-01-24T06:41:06.144Z] <<< [apiv2][body] GET https://api.github.com/repos//actions/secrets/public-key {"message":"Not Found","documentation_url":"https://docs.github.com/rest"}
